<?xml version="1.0" encoding="UTF-8"?>
<!-- Generated by org.testng.reporters.JUnitReportReporter -->
<testsuite hostname="DESKTOP-CAAB91C" failures="0" tests="1" name="restbasic1.restbasicRequest.getRequestValidation1" time="0.051" errors="0" timestamp="2021-02-03T00:07:35 PST" skipped="0">
  <testcase classname="restbasic1.restbasicRequest.getRequestValidation1" name="getValidation_ResponseHeader" time="0.051"/>
  <system-out/>
</testsuite> <!-- restbasic1.restbasicRequest.getRequestValidation1 -->
