<?xml version="1.0" encoding="UTF-8"?>
<!-- Generated by org.testng.reporters.JUnitReportReporter -->
<testsuite hostname="DESKTOP-CAAB91C" failures="0" tests="1" name="restbasic1.restbasicRequest.getRequestValidation" time="0.049" errors="0" timestamp="2021-02-03T00:07:35 PST" skipped="0">
  <testcase classname="restbasic1.restbasicRequest.getRequestValidation" name="getValidation_StatusCode" time="0.049"/>
  <system-out/>
</testsuite> <!-- restbasic1.restbasicRequest.getRequestValidation -->
